<?xml version="1.0" encoding="UTF-8"?>
<testng-results skipped="0" failed="0" total="1" passed="1">
  <reporter-output>
  </reporter-output>
  <suite name="Default suite" duration-ms="22608" started-at="2017-04-26T22:57:13Z" finished-at="2017-04-26T22:57:35Z">
    <groups>
    </groups>
    <test name="Default test" duration-ms="22608" started-at="2017-04-26T22:57:13Z" finished-at="2017-04-26T22:57:35Z">
      <class name="testcases.VerifyLoginPage">
        <test-method status="PASS" signature="setUp()[pri:0, instance:testcases.VerifyLoginPage@61832929]" name="setUp" is-config="true" duration-ms="10100" started-at="2017-04-26T18:57:13Z" finished-at="2017-04-26T18:57:23Z">
          <reporter-output>
          </reporter-output>
        </test-method> <!-- setUp -->
        <test-method status="PASS" signature="testLoginPage()[pri:0, instance:testcases.VerifyLoginPage@61832929]" name="testLoginPage" duration-ms="8224" started-at="2017-04-26T18:57:23Z" finished-at="2017-04-26T18:57:31Z">
          <reporter-output>
          </reporter-output>
        </test-method> <!-- testLoginPage -->
        <test-method status="PASS" signature="screenShots(org.testng.ITestResult)[pri:0, instance:testcases.VerifyLoginPage@61832929]" name="screenShots" is-config="true" duration-ms="328" started-at="2017-04-26T18:57:31Z" finished-at="2017-04-26T18:57:31Z">
          <params>
            <param index="0">
              <value>
                <![CDATA[[TestResult name=testLoginPage status=SUCCESS method=VerifyLoginPage.testLoginPage()[pri:0, instance:testcases.VerifyLoginPage@61832929] output={null}]]]>
              </value>
            </param>
          </params>
          <reporter-output>
          </reporter-output>
        </test-method> <!-- screenShots -->
        <test-method status="PASS" signature="tearDown()[pri:0, instance:testcases.VerifyLoginPage@61832929]" name="tearDown" is-config="true" duration-ms="3932" started-at="2017-04-26T18:57:31Z" finished-at="2017-04-26T18:57:35Z">
          <reporter-output>
          </reporter-output>
        </test-method> <!-- tearDown -->
      </class> <!-- testcases.VerifyLoginPage -->
    </test> <!-- Default test -->
  </suite> <!-- Default suite -->
</testng-results>
